This is pdfTeXk, Version 3.1415926-1.40.9 (Web2C 7.5.7) (format=pdflatex 2010.5.4)  5 JUL 2010 17:47
entering extended mode
 %&-line parsing enabled.
**PhDTalk.tex
(./PhDTalk.tex
LaTeX2e <2005/12/01>
Babel <v3.8l> and hyphenation patterns for english, usenglishmax, dumylang, noh
yphenation, german-x-2008-06-18, ngerman-x-2008-06-18, ancientgreek, ibycus, ar
abic, basque, bulgarian, catalan, pinyin, coptic, croatian, czech, danish, dutc
h, esperanto, estonian, farsi, finnish, french, galician, german, ngerman, mono
greek, greek, hungarian, icelandic, indonesian, interlingua, irish, italian, la
tin, mongolian, mongolian2a, bokmal, nynorsk, polish, portuguese, romanian, rus
sian, sanskrit, serbian, slovak, slovenian, spanish, swedish, turkish, ukenglis
h, ukrainian, uppersorbian, welsh, loaded.
(/usr/share/texmf/tex/latex/beamer/beamer.cls
(/usr/share/texmf/tex/latex/beamer/beamerbasercs.sty
Package: beamerbasercs 2007/01/28 (rcs-revision 1.4)
)
Document Class: beamer 2007/03/11 cvs version 3.07 A class for typesetting pres
entations (rcs-revision 1.70)
(/usr/share/texmf/tex/latex/beamer/beamerbasemodes.sty
Package: beamerbasemodes 2007/01/28 (rcs-revision 1.22)
\beamer@tempbox=\box26
\beamer@tempcount=\count79
\c@beamerpauses=\count80

(/usr/share/texmf/tex/latex/beamer/beamerbasedecode.sty
Package: beamerbasedecode 2007/01/28 (rcs-revision 1.20)
\beamer@slideinframe=\count81
\beamer@minimum=\count82
)
\beamer@commentbox=\box27
\beamer@modecount=\count83
)
\headheight=\dimen102
\headdp=\dimen103
\footheight=\dimen104
\sidebarheight=\dimen105
\beamer@tempdim=\dimen106
\beamer@finalheight=\dimen107
\beamer@animht=\dimen108
\beamer@animdp=\dimen109
\beamer@animwd=\dimen110
\beamer@leftmargin=\dimen111
\beamer@rightmargin=\dimen112
\beamer@leftsidebar=\dimen113
\beamer@rightsidebar=\dimen114
\beamer@boxsize=\dimen115
\beamer@vboxoffset=\dimen116
\beamer@descdefault=\dimen117
\beamer@descriptionwidth=\dimen118
\beamer@lastskip=\skip41
\beamer@areabox=\box28
\beamer@animcurrent=\box29
\beamer@animshowbox=\box30
\beamer@sectionbox=\box31
\beamer@logobox=\box32
\beamer@linebox=\box33
\beamer@sectioncount=\count84
\beamer@subsubsectionmax=\count85
\beamer@subsectionmax=\count86
\beamer@sectionmax=\count87
\beamer@totalheads=\count88
\beamer@headcounter=\count89
\beamer@partstartpage=\count90
\beamer@sectionstartpage=\count91
\beamer@subsectionstartpage=\count92
\beamer@animationtempa=\count93
\beamer@animationtempb=\count94
\beamer@xpos=\count95
\beamer@ypos=\count96
\beamer@showpartnumber=\count97
\beamer@currentsubsection=\count98
\beamer@coveringdepth=\count99
\beamer@sectionadjust=\count100
\beamer@tocsectionnumber=\count101

(/usr/share/texmf/tex/latex/beamer/beamerbaseoptions.sty
Package: beamerbaseoptions 2007/01/28 (rcs-revision 1.8)

(/usr/share/texmf/tex/latex/graphics/keyval.sty
Package: keyval 1999/03/16 v1.13 key=value parser (DPC)
\KV@toks@=\toks14
))
(/usr/share/texmf/tex/latex/pgf/basiclayer/pgfcore.sty
(/usr/share/texmf/tex/latex/graphics/graphicx.sty
Package: graphicx 1999/02/16 v1.0f Enhanced LaTeX Graphics (DPC,SPQR)

(/usr/share/texmf/tex/latex/graphics/graphics.sty
Package: graphics 2006/02/20 v1.0o Standard LaTeX Graphics (DPC,SPQR)

(/usr/share/texmf/tex/latex/graphics/trig.sty
Package: trig 1999/03/16 v1.09 sin cos tan (DPC)
)
(/usr/lib/texmf/tex/latex/config/graphics.cfg
File: graphics.cfg 2007/01/18 v1.5 graphics configuration of teTeX/TeXLive
)
Package graphics Info: Driver file: pdftex.def on input line 90.

(/usr/share/texmf/tex/latex/pdftex-def/pdftex.def
File: pdftex.def 2008/07/16 v0.04k Graphics/color for pdfTeX
\Gread@gobject=\count102
))
\Gin@req@height=\dimen119
\Gin@req@width=\dimen120
)
(/usr/share/texmf/tex/latex/pgf/systemlayer/pgfsys.sty
(/usr/share/texmf/tex/latex/pgf/utilities/pgfrcs.sty
(/usr/share/texmf/tex/generic/pgf/utilities/pgfutil-common.tex
\pgfutil@everybye=\toks15
)
(/usr/share/texmf/tex/generic/pgf/utilities/pgfutil-latex.def)
(/usr/share/texmf/tex/generic/pgf/utilities/pgfrcs.code.tex
Package: pgfrcs 2008/02/20 v2.00 (rcs-revision 1.21)
))
(/usr/share/texmf/tex/generic/pgf/systemlayer/pgfsys.code.tex
Package: pgfsys 2008/02/07 v2.00 (rcs-revision 1.31)

(/usr/share/texmf/tex/generic/pgf/utilities/pgfkeys.code.tex
\pgfkeys@pathtoks=\toks16
\pgfkeys@temptoks=\toks17
)
\pgf@x=\dimen121
\pgf@y=\dimen122
\pgf@xa=\dimen123
\pgf@ya=\dimen124
\pgf@xb=\dimen125
\pgf@yb=\dimen126
\pgf@xc=\dimen127
\pgf@yc=\dimen128
\c@pgf@counta=\count103
\c@pgf@countb=\count104
\c@pgf@countc=\count105
\c@pgf@countd=\count106

(/usr/share/texmf/tex/generic/pgf/systemlayer/pgf.cfg
File: pgf.cfg 2008/01/13  (rcs-revision 1.6)
)
Package pgfsys Info: Driver file for pgf: pgfsys-pdftex.def on input line 885.

(/usr/share/texmf/tex/generic/pgf/systemlayer/pgfsys-pdftex.def
File: pgfsys-pdftex.def 2007/12/20  (rcs-revision 1.20)

(/usr/share/texmf/tex/generic/pgf/systemlayer/pgfsys-common-pdf.def
File: pgfsys-common-pdf.def 2007/12/17  (rcs-revision 1.8)
)))
(/usr/share/texmf/tex/generic/pgf/systemlayer/pgfsyssoftpath.code.tex
File: pgfsyssoftpath.code.tex 2008/01/23  (rcs-revision 1.6)
\pgfsyssoftpath@smallbuffer@items=\count107
\pgfsyssoftpath@bigbuffer@items=\count108
)
(/usr/share/texmf/tex/generic/pgf/systemlayer/pgfsysprotocol.code.tex
File: pgfsysprotocol.code.tex 2006/10/16  (rcs-revision 1.4)
))
(/usr/share/texmf/tex/latex/xcolor/xcolor.sty
Package: xcolor 2007/01/21 v2.11 LaTeX color extensions (UK)

(/usr/lib/texmf/tex/latex/config/color.cfg
File: color.cfg 2007/01/18 v1.5 color configuration of teTeX/TeXLive
)
Package xcolor Info: Driver file: pdftex.def on input line 225.
Package xcolor Info: Model `cmy' substituted by `cmy0' on input line 1337.
Package xcolor Info: Model `hsb' substituted by `rgb' on input line 1341.
Package xcolor Info: Model `RGB' extended on input line 1353.
Package xcolor Info: Model `HTML' substituted by `rgb' on input line 1355.
Package xcolor Info: Model `Hsb' substituted by `hsb' on input line 1356.
Package xcolor Info: Model `tHsb' substituted by `hsb' on input line 1357.
Package xcolor Info: Model `HSB' substituted by `hsb' on input line 1358.
Package xcolor Info: Model `Gray' substituted by `gray' on input line 1359.
Package xcolor Info: Model `wave' substituted by `hsb' on input line 1360.
)
(/usr/share/texmf/tex/generic/pgf/basiclayer/pgfcore.code.tex
Package: pgfcore 2008/01/15 v2.00 (rcs-revision 1.6)

(/usr/share/texmf/tex/generic/pgf/math/pgfmath.code.tex
(/usr/share/texmf/tex/generic/pgf/math/pgfmathcalc.code.tex
(/usr/share/texmf/tex/generic/pgf/math/pgfmathutil.code.tex
\pgfmath@box=\box34
)
(/usr/share/texmf/tex/generic/pgf/math/pgfmathparser.code.tex
\pgfmath@stack=\toks18
\c@pgfmath@parsecounta=\count109
\c@pgfmath@parsecountb=\count110
\c@pgfmath@parsecountc=\count111
\pgfmath@parsex=\dimen129
)
(/usr/share/texmf/tex/generic/pgf/math/pgfmathoperations.code.tex
(/usr/share/texmf/tex/generic/pgf/math/pgfmathtrig.code.tex)
(/usr/share/texmf/tex/generic/pgf/math/pgfmathrnd.code.tex))
(/usr/share/texmf/tex/generic/pgf/math/pgfmathbase.code.tex)))
(/usr/share/texmf/tex/generic/pgf/basiclayer/pgfcorepoints.code.tex
File: pgfcorepoints.code.tex 2008/02/03  (rcs-revision 1.13)
\pgf@picminx=\dimen130
\pgf@picmaxx=\dimen131
\pgf@picminy=\dimen132
\pgf@picmaxy=\dimen133
\pgf@pathminx=\dimen134
\pgf@pathmaxx=\dimen135
\pgf@pathminy=\dimen136
\pgf@pathmaxy=\dimen137
\pgf@xx=\dimen138
\pgf@xy=\dimen139
\pgf@yx=\dimen140
\pgf@yy=\dimen141
\pgf@zx=\dimen142
\pgf@zy=\dimen143
)
(/usr/share/texmf/tex/generic/pgf/basiclayer/pgfcorepathconstruct.code.tex
File: pgfcorepathconstruct.code.tex 2008/02/13  (rcs-revision 1.14)
\pgf@path@lastx=\dimen144
\pgf@path@lasty=\dimen145
)
(/usr/share/texmf/tex/generic/pgf/basiclayer/pgfcorepathusage.code.tex
File: pgfcorepathusage.code.tex 2008/01/23  (rcs-revision 1.11)
\pgf@shorten@end@additional=\dimen146
\pgf@shorten@start@additional=\dimen147
)
(/usr/share/texmf/tex/generic/pgf/basiclayer/pgfcorescopes.code.tex
File: pgfcorescopes.code.tex 2008/01/15  (rcs-revision 1.26)
\pgfpic=\box35
\pgf@hbox=\box36
\pgf@layerbox@main=\box37
\pgf@picture@serial@count=\count112
)
(/usr/share/texmf/tex/generic/pgf/basiclayer/pgfcoregraphicstate.code.tex
File: pgfcoregraphicstate.code.tex 2007/12/12  (rcs-revision 1.8)
\pgflinewidth=\dimen148
)
(/usr/share/texmf/tex/generic/pgf/basiclayer/pgfcoretransformations.code.tex
File: pgfcoretransformations.code.tex 2008/02/04  (rcs-revision 1.10)
\pgf@pt@x=\dimen149
\pgf@pt@y=\dimen150
\pgf@pt@temp=\dimen151
)
(/usr/share/texmf/tex/generic/pgf/basiclayer/pgfcorequick.code.tex
File: pgfcorequick.code.tex 2006/10/11  (rcs-revision 1.2)
)
(/usr/share/texmf/tex/generic/pgf/basiclayer/pgfcoreobjects.code.tex
File: pgfcoreobjects.code.tex 2006/10/11  (rcs-revision 1.2)
)
(/usr/share/texmf/tex/generic/pgf/basiclayer/pgfcorepathprocessing.code.tex
File: pgfcorepathprocessing.code.tex 2008/01/23  (rcs-revision 1.7)
)
(/usr/share/texmf/tex/generic/pgf/basiclayer/pgfcorearrows.code.tex
File: pgfcorearrows.code.tex 2007/06/07  (rcs-revision 1.8)
)
(/usr/share/texmf/tex/generic/pgf/basiclayer/pgfcoreshade.code.tex
File: pgfcoreshade.code.tex 2007/12/10  (rcs-revision 1.9)
\pgf@max=\dimen152
\pgf@sys@shading@range@num=\count113
)
(/usr/share/texmf/tex/generic/pgf/basiclayer/pgfcoreimage.code.tex
File: pgfcoreimage.code.tex 2008/01/15  (rcs-revision 1.1)
\pgfexternal@startupbox=\box38
)
(/usr/share/texmf/tex/generic/pgf/basiclayer/pgfcorelayers.code.tex
File: pgfcorelayers.code.tex 2008/01/15  (rcs-revision 1.1)
)
(/usr/share/texmf/tex/generic/pgf/basiclayer/pgfcoretransparency.code.tex
File: pgfcoretransparency.code.tex 2008/01/17  (rcs-revision 1.2)
)
(/usr/share/texmf/tex/generic/pgf/basiclayer/pgfcorepatterns.code.tex
File: pgfcorepatterns.code.tex 2008/01/15  (rcs-revision 1.1)
)))
(/usr/share/texmf/tex/latex/pgf/basiclayer/pgfbaseimage.sty

Package pgf Warning: This package is obsolete and no longer needed on input lin
e 13.

) (/usr/share/texmf/tex/latex/pgf/utilities/xxcolor.sty
Package: xxcolor 2003/10/24 ver 0.1
\XC@nummixins=\count114
\XC@countmixins=\count115
)
(/usr/share/texmf/tex/latex/amsfonts/amssymb.sty
Package: amssymb 2002/01/22 v2.2d

(/usr/share/texmf/tex/latex/amsfonts/amsfonts.sty
Package: amsfonts 2001/10/25 v2.2f
\@emptytoks=\toks19
\symAMSa=\mathgroup4
\symAMSb=\mathgroup5
LaTeX Font Info:    Overwriting math alphabet `\mathfrak' in version `bold'
(Font)                  U/euf/m/n --> U/euf/b/n on input line 132.
))
(/usr/share/texmf/tex/latex/geometry/geometry.sty
Package: geometry 2002/07/08 v3.2 Page Geometry
\Gm@cnth=\count116
\Gm@cntv=\count117
\c@Gm@tempcnt=\count118
\Gm@bindingoffset=\dimen153
\Gm@wd@mp=\dimen154
\Gm@odd@mp=\dimen155
\Gm@even@mp=\dimen156
\Gm@dimlist=\toks20
)
(/usr/share/texmf/tex/latex/hyperref/hyperref.sty
Package: hyperref 2008/08/14 v6.78f Hypertext links for LaTeX

(/usr/share/texmf/tex/generic/oberdiek/ifpdf.sty
Package: ifpdf 2007/12/12 v1.6 Provides the ifpdf switch (HO)
Package ifpdf Info: pdfTeX in pdf mode detected.
)
(/usr/share/texmf/tex/generic/oberdiek/ifvtex.sty
Package: ifvtex 2007/09/09 v1.3 Switches for detecting VTeX and its modes (HO)
Package ifvtex Info: VTeX not detected.
)
(/usr/share/texmf/tex/generic/ifxetex/ifxetex.sty
Package: ifxetex 2006/08/21 v0.3 Provides ifxetex conditional
)
(/usr/share/texmf/tex/latex/oberdiek/hycolor.sty
Package: hycolor 2008/08/01 v1.3 Code for color options of hyperref/bookmark (H
O)

(/usr/share/texmf/tex/latex/oberdiek/xcolor-patch.sty
Package: xcolor-patch 2008/08/01 xcolor patch
))
\@linkdim=\dimen157
\Hy@linkcounter=\count119
\Hy@pagecounter=\count120

(/usr/share/texmf/tex/latex/hyperref/pd1enc.def
File: pd1enc.def 2008/08/14 v6.78f Hyperref: PDFDocEncoding definition (HO)
)
(/usr/share/texmf/tex/generic/oberdiek/etexcmds.sty
Package: etexcmds 2007/12/12 v1.2 Prefix for e-TeX command names (HO)

(/usr/share/texmf/tex/generic/oberdiek/infwarerr.sty
Package: infwarerr 2007/09/09 v1.2 Providing info/warning/message (HO)
)
Package etexcmds Info: Could not find \expanded.
(etexcmds)             That can mean that you are not using pdfTeX 1.50 or
(etexcmds)             that some package has redefined \expanded.
(etexcmds)             In the latter case, load this package earlier.
)
(/usr/lib/texmf/tex/latex/config/hyperref.cfg
File: hyperref.cfg 2002/06/06 v1.2 hyperref configuration of TeXLive
)
(/usr/share/texmf/tex/latex/oberdiek/kvoptions.sty
Package: kvoptions 2007/10/18 v3.0 Keyval support for LaTeX options (HO)
)
Package hyperref Info: Option `bookmarks' set `true' on input line 2765.
Package hyperref Info: Option `bookmarksopen' set `true' on input line 2765.
Package hyperref Info: Option `implicit' set `false' on input line 2765.
Package hyperref Info: Hyper figures OFF on input line 2876.
Package hyperref Info: Link nesting OFF on input line 2881.
Package hyperref Info: Hyper index ON on input line 2884.
Package hyperref Info: Plain pages OFF on input line 2891.
Package hyperref Info: Backreferencing OFF on input line 2896.

Implicit mode OFF; no redefinition of LaTeX internals
Package hyperref Info: Bookmarks ON on input line 3086.
(/usr/share/texmf/tex/latex/ltxmisc/url.sty
\Urlmuskip=\muskip10
Package: url 2006/04/12  ver 3.3  Verb mode for urls, etc.
)
LaTeX Info: Redefining \url on input line 3272.

(/usr/share/texmf/tex/generic/oberdiek/bitset.sty
Package: bitset 2007/09/28 v1.0 Data type bit set (HO)

(/usr/share/texmf/tex/generic/oberdiek/intcalc.sty
Package: intcalc 2007/09/27 v1.1 Expandable integer calculations (HO)
)
(/usr/share/texmf/tex/generic/oberdiek/bigintcalc.sty
Package: bigintcalc 2007/11/11 v1.1 Expandable big integer calculations (HO)

(/usr/share/texmf/tex/generic/oberdiek/pdftexcmds.sty
Package: pdftexcmds 2007/12/12 v0.3 LuaTeX support for pdfTeX utility functions
 (HO)
Package pdftexcmds Info: LuaTeX not detected on input line 139.
)))
(/usr/share/texmf/tex/generic/oberdiek/kvsetkeys.sty
Package: kvsetkeys 2007/09/29 v1.3 Key value parser with default handler suppor
t (HO)
)
\Fld@menulength=\count121
\Field@Width=\dimen158
\Fld@charsize=\dimen159
\Field@toks=\toks21
Package hyperref Info: Hyper figures OFF on input line 4189.
Package hyperref Info: Link nesting OFF on input line 4194.
Package hyperref Info: Hyper index ON on input line 4197.
Package hyperref Info: backreferencing OFF on input line 4204.
Package hyperref Info: Link coloring OFF on input line 4209.
Package hyperref Info: Link coloring with OCG OFF on input line 4214.
Package hyperref Info: PDF/A mode OFF on input line 4219.

(/usr/share/texmf/tex/generic/oberdiek/atbegshi.sty
Package: atbegshi 2008/07/31 v1.9 At begin shipout hook (HO)
)

Package hyperref Warning: Option `pdfpagelabels' is turned off
(hyperref)                because \thepage is undefined.

Hyperref stopped early
)
*hyperref using default driver hpdftex*
(/usr/share/texmf/tex/latex/hyperref/hpdftex.def
File: hpdftex.def 2008/08/14 v6.78f Hyperref driver for pdfTeX
\Fld@listcount=\count122
)
(/usr/share/texmf/tex/latex/base/size10.clo
File: size10.clo 2005/09/16 v1.4f Standard LaTeX file (size option)
)
(/usr/share/texmf/tex/latex/beamer/beamerbasecompatibility.sty
Package: beamerbasecompatibility 2007/01/28  (rcs-revision 1.63)
)
(/usr/share/texmf/tex/latex/beamer/beamerbasefont.sty
Package: beamerbasefont 2007/01/28  (rcs-revision 1.16)
)
(/usr/share/texmf/tex/latex/beamer/beamerbasemisc.sty
Package: beamerbasemisc 2007/01/28  (rcs-revision 1.24)
)
(/usr/share/texmf/tex/latex/beamer/beamerbasetwoscreens.sty
Package: beamerbasetwoscreens 2007/01/28  (rcs-revision 1.7)
)
(/usr/share/texmf/tex/latex/beamer/beamerbaseoverlay.sty
Package: beamerbaseoverlay 2007/01/28  (rcs-revision 1.50)
\beamer@argscount=\count123
\beamer@lastskipcover=\skip42
\beamer@trivlistdepth=\count124
)
(/usr/share/texmf/tex/latex/beamer/beamerbasetitle.sty
Package: beamerbasetitle 2007/01/28  (rcs-revision 1.25)
)
(/usr/share/texmf/tex/latex/beamer/beamerbasesection.sty
Package: beamerbasesection 2007/01/28  (rcs-revision 1.21)
\c@lecture=\count125
\c@part=\count126
\c@section=\count127
\c@subsection=\count128
\c@subsubsection=\count129
)
(/usr/share/texmf/tex/latex/beamer/beamerbaseframe.sty
Package: beamerbaseframe 2007/01/28  (rcs-revision 1.60)
\beamer@framebox=\box39
\beamer@frametitlebox=\box40
\beamer@zoombox=\box41
\beamer@zoomcount=\count130
\beamer@zoomframecount=\count131
\beamer@frametextheight=\dimen160
\c@subsectionslide=\count132
\beamer@frametopskip=\skip43
\beamer@framebottomskip=\skip44
\beamer@frametopskipautobreak=\skip45
\beamer@framebottomskipautobreak=\skip46
\beamer@envbody=\toks22
\c@framenumber=\count133
)
(/usr/share/texmf/tex/latex/beamer/beamerbaseverbatim.sty
Package: beamerbaseverbatim 2007/01/28  (rcs-revision 1.8)
\beamer@verbatimfileout=\write3
)
(/usr/share/texmf/tex/latex/beamer/beamerbaseframesize.sty
Package: beamerbaseframesize 2007/01/28  (rcs-revision 1.18)
\beamer@splitbox=\box42
\beamer@autobreakcount=\count134
\beamer@autobreaklastheight=\dimen161
\beamer@frametitletoks=\toks23
\beamer@framesubtitletoks=\toks24
)
(/usr/share/texmf/tex/latex/beamer/beamerbaseframecomponents.sty
Package: beamerbaseframecomponents 2007/01/28  (rcs-revision 1.41)
\beamer@footins=\box43
)
(/usr/share/texmf/tex/latex/beamer/beamerbasecolor.sty
Package: beamerbasecolor 2007/01/28  (rcs-revision 1.42)
)
(/usr/share/texmf/tex/latex/beamer/beamerbasenotes.sty
Package: beamerbasenotes 2007/01/28  (rcs-revision 1.23)
\beamer@frameboxcopy=\box44
)
(/usr/share/texmf/tex/latex/beamer/beamerbasetoc.sty
Package: beamerbasetoc 2007/01/28  (rcs-revision 1.21)
)
(/usr/share/texmf/tex/latex/beamer/beamerbasetemplates.sty
Package: beamerbasetemplates 2007/01/28  (rcs-revision 1.51)
\beamer@sbttoks=\toks25

(/usr/share/texmf/tex/latex/beamer/beamerbaseauxtemplates.sty
Package: beamerbaseauxtemplates 2007/01/28  (rcs-revision 1.28)

(/usr/share/texmf/tex/latex/beamer/beamerbaseboxes.sty
Package: beamerbaseboxes 2007/03/11  (rcs-revision 1.32)
\bmb@box=\box45
\bmb@colorbox=\box46
\bmb@boxshadow=\box47
\bmb@boxshadowball=\box48
\bmb@boxshadowballlarge=\box49
\bmb@temp=\dimen162
\bmb@dima=\dimen163
\bmb@dimb=\dimen164
\bmb@prevheight=\dimen165
)
\beamer@blockheadheight=\dimen166
))
(/usr/share/texmf/tex/latex/beamer/beamerbaselocalstructure.sty
Package: beamerbaselocalstructure 2007/01/28  (rcs-revision 1.53)

(/usr/share/texmf/tex/latex/tools/enumerate.sty
Package: enumerate 1999/03/05 v3.00 enumerate extensions (DPC)
\@enLab=\toks26
)
\c@figure=\count135
\c@table=\count136
\abovecaptionskip=\skip47
\belowcaptionskip=\skip48
)
(/usr/share/texmf/tex/latex/beamer/beamerbasenavigation.sty
Package: beamerbasenavigation 2007/01/28  (rcs-revision 1.36)
)
(/usr/share/texmf/tex/latex/beamer/beamerbasetheorems.sty
Package: beamerbasetheorems 2007/01/28  (rcs-revision 1.10)

(/usr/share/texmf/tex/latex/translator/translator.sty
Package: translator 2007/03/11 ver 1.00

(/usr/share/texmf/tex/latex/translator/translator-language-mappings.tex))
(/usr/share/texmf/tex/latex/amsmath/amsmath.sty
Package: amsmath 2000/07/18 v2.13 AMS math features
\@mathmargin=\skip49

For additional information on amsmath, use the `?' option.
(/usr/share/texmf/tex/latex/amsmath/amstext.sty
Package: amstext 2000/06/29 v2.01

(/usr/share/texmf/tex/latex/amsmath/amsgen.sty
File: amsgen.sty 1999/11/30 v2.0
\@emptytoks=\toks27
\ex@=\dimen167
))
(/usr/share/texmf/tex/latex/amsmath/amsbsy.sty
Package: amsbsy 1999/11/29 v1.2d
\pmbraise@=\dimen168
)
(/usr/share/texmf/tex/latex/amsmath/amsopn.sty
Package: amsopn 1999/12/14 v2.01 operator names
)
\inf@bad=\count137
LaTeX Info: Redefining \frac on input line 211.
\uproot@=\count138
\leftroot@=\count139
LaTeX Info: Redefining \overline on input line 307.
\classnum@=\count140
\DOTSCASE@=\count141
LaTeX Info: Redefining \ldots on input line 379.
LaTeX Info: Redefining \dots on input line 382.
LaTeX Info: Redefining \cdots on input line 467.
\Mathstrutbox@=\box50
\strutbox@=\box51
\big@size=\dimen169
LaTeX Font Info:    Redeclaring font encoding OML on input line 567.
LaTeX Font Info:    Redeclaring font encoding OMS on input line 568.
\macc@depth=\count142
\c@MaxMatrixCols=\count143
\dotsspace@=\muskip11
\c@parentequation=\count144
\dspbrk@lvl=\count145
\tag@help=\toks28
\row@=\count146
\column@=\count147
\maxfields@=\count148
\andhelp@=\toks29
\eqnshift@=\dimen170
\alignsep@=\dimen171
\tagshift@=\dimen172
\tagwidth@=\dimen173
\totwidth@=\dimen174
\lineht@=\dimen175
\@envbody=\toks30
\multlinegap=\skip50
\multlinetaggap=\skip51
\mathdisplay@stack=\toks31
LaTeX Info: Redefining \[ on input line 2666.
LaTeX Info: Redefining \] on input line 2667.
)
(/usr/share/texmf/tex/latex/amscls/amsthm.sty
Package: amsthm 2004/08/06 v2.20
\thm@style=\toks32
\thm@bodyfont=\toks33
\thm@headfont=\toks34
\thm@notefont=\toks35
\thm@headpunct=\toks36
\thm@preskip=\skip52
\thm@postskip=\skip53
\thm@headsep=\skip54
\dth@everypar=\toks37
)
\c@theorem=\count149
)
(/usr/share/texmf/tex/latex/beamer/beamerbasethemes.sty
Package: beamerbasethemes 2007/01/28  (rcs-revision 1.10)
)
(/usr/share/texmf/tex/latex/beamer/themes/theme/beamerthemedefault.sty
Package: beamerthemedefault 2007/01/28  (rcs-revision 1.7)

(/usr/share/texmf/tex/latex/beamer/themes/font/beamerfontthemedefault.sty
Package: beamerfontthemedefault 2007/01/28  (rcs-revision 1.13)
)
(/usr/share/texmf/tex/latex/beamer/themes/color/beamercolorthemedefault.sty
Package: beamercolorthemedefault 2007/01/28  (rcs-revision 1.28)
)
(/usr/share/texmf/tex/latex/beamer/themes/inner/beamerinnerthemedefault.sty
Package: beamerinnerthemedefault 2007/01/28  (rcs-revision 1.20)
\beamer@dima=\dimen176
\beamer@dimb=\dimen177
)
(/usr/share/texmf/tex/latex/beamer/themes/outer/beamerouterthemedefault.sty
Package: beamerouterthemedefault 2007/01/28  (rcs-revision 1.14)
)))
(/usr/share/texmf/tex/latex/psnfss/mathptmx.sty
Package: mathptmx 2005/04/12 PSNFSS-v9.2a Times w/ Math, improved (SPQR, WaS) 
LaTeX Font Info:    Redeclaring symbol font `operators' on input line 28.
LaTeX Font Info:    Overwriting symbol font `operators' in version `normal'
(Font)                  OT1/cmr/m/n --> OT1/ztmcm/m/n on input line 28.
LaTeX Font Info:    Overwriting symbol font `operators' in version `bold'
(Font)                  OT1/cmr/bx/n --> OT1/ztmcm/m/n on input line 28.
LaTeX Font Info:    Redeclaring symbol font `letters' on input line 29.
LaTeX Font Info:    Overwriting symbol font `letters' in version `normal'
(Font)                  OML/cmm/m/it --> OML/ztmcm/m/it on input line 29.
LaTeX Font Info:    Overwriting symbol font `letters' in version `bold'
(Font)                  OML/cmm/b/it --> OML/ztmcm/m/it on input line 29.
LaTeX Font Info:    Redeclaring symbol font `symbols' on input line 30.
LaTeX Font Info:    Overwriting symbol font `symbols' in version `normal'
(Font)                  OMS/cmsy/m/n --> OMS/ztmcm/m/n on input line 30.
LaTeX Font Info:    Overwriting symbol font `symbols' in version `bold'
(Font)                  OMS/cmsy/b/n --> OMS/ztmcm/m/n on input line 30.
LaTeX Font Info:    Redeclaring symbol font `largesymbols' on input line 31.
LaTeX Font Info:    Overwriting symbol font `largesymbols' in version `normal'
(Font)                  OMX/cmex/m/n --> OMX/ztmcm/m/n on input line 31.
LaTeX Font Info:    Overwriting symbol font `largesymbols' in version `bold'
(Font)                  OMX/cmex/m/n --> OMX/ztmcm/m/n on input line 31.
\symbold=\mathgroup6
\symitalic=\mathgroup7
LaTeX Font Info:    Redeclaring math alphabet \mathbf on input line 34.
LaTeX Font Info:    Overwriting math alphabet `\mathbf' in version `normal'
(Font)                  OT1/cmr/bx/n --> OT1/ptm/bx/n on input line 34.
LaTeX Font Info:    Overwriting math alphabet `\mathbf' in version `bold'
(Font)                  OT1/cmr/bx/n --> OT1/ptm/bx/n on input line 34.
LaTeX Font Info:    Redeclaring math alphabet \mathit on input line 35.
LaTeX Font Info:    Overwriting math alphabet `\mathit' in version `normal'
(Font)                  OT1/cmr/m/it --> OT1/ptm/m/it on input line 35.
LaTeX Font Info:    Overwriting math alphabet `\mathit' in version `bold'
(Font)                  OT1/cmr/bx/it --> OT1/ptm/m/it on input line 35.
LaTeX Info: Redefining \hbar on input line 50.
)
(/usr/share/texmf/tex/latex/base/fontenc.sty
Package: fontenc 2005/09/27 v1.99g Standard LaTeX package

(/usr/share/texmf/tex/latex/base/t1enc.def
File: t1enc.def 2005/09/27 v1.99g Standard LaTeX file
LaTeX Font Info:    Redeclaring font encoding T1 on input line 43.
))
(/usr/share/texmf/tex/latex/base/inputenc.sty
Package: inputenc 2006/05/05 v1.1b Input encoding file
\inpenc@prehook=\toks38
\inpenc@posthook=\toks39

(/usr/share/texmf/tex/latex/base/latin9.def
File: latin9.def 2006/05/05 v1.1b Input encoding file
))
(/usr/share/texmf/tex/latex/beamer/themes/color/beamercolorthemestructure.sty
Package: beamercolorthemestructure 2007/01/28  (rcs-revision 1.4)
)
(/usr/share/texmf/tex/latex/beamer/themes/outer/beamerouterthememiniframes.sty
Package: beamerouterthememiniframes 2007/01/28  (rcs-revision 1.8)
) (/usr/share/texmf/tex/generic/babel/babel.sty
Package: babel 2008/07/06 v3.8l The Babel package

(/usr/share/texmf/tex/generic/babel/english.ldf
Language: english 2005/03/30 v3.3o English support from the babel system

(/usr/share/texmf/tex/generic/babel/babel.def
File: babel.def 2008/07/06 v3.8l Babel common definitions
LaTeX Info: Redefining \textlatin on input line 82.
\babel@savecnt=\count150
\U@D=\dimen178
)
\l@canadian = a dialect from \language\l@american 
\l@australian = a dialect from \language\l@british 
\l@newzealand = a dialect from \language\l@british 
)) (./PhDTalk.aux)
\openout1 = `PhDTalk.aux'.

LaTeX Font Info:    Checking defaults for OML/cmm/m/it on input line 75.
LaTeX Font Info:    ... okay on input line 75.
LaTeX Font Info:    Checking defaults for T1/cmr/m/n on input line 75.
LaTeX Font Info:    ... okay on input line 75.
LaTeX Font Info:    Checking defaults for OT1/cmr/m/n on input line 75.
LaTeX Font Info:    ... okay on input line 75.
LaTeX Font Info:    Checking defaults for OMS/cmsy/m/n on input line 75.
LaTeX Font Info:    ... okay on input line 75.
LaTeX Font Info:    Checking defaults for OMX/cmex/m/n on input line 75.
LaTeX Font Info:    ... okay on input line 75.
LaTeX Font Info:    Checking defaults for U/cmr/m/n on input line 75.
LaTeX Font Info:    ... okay on input line 75.
LaTeX Font Info:    Checking defaults for PD1/pdf/m/n on input line 75.
LaTeX Font Info:    ... okay on input line 75.
-------------------- Geometry parameters
paper: user defined
landscape: --
twocolumn: --
twoside: --
asymmetric: --
h-parts: 28.45274pt, 307.28987pt, 28.45274pt
v-parts: 0.0pt, 273.14662pt, 0.0pt
hmarginratio: --
vmarginratio: --
lines: --
heightrounded: --
bindingoffset: 0.0pt
truedimen: --
includehead: true
includefoot: true
includemp: --
driver: pdftex
-------------------- Page layout dimensions and switches
\paperwidth  364.19536pt
\paperheight 273.14662pt
\textwidth  307.28987pt
\textheight 244.6939pt
\oddsidemargin  -43.81725pt
\evensidemargin -43.81725pt
\topmargin  -72.26999pt
\headheight 14.22636pt
\headsep    0.0pt
\footskip   14.22636pt
\marginparwidth 3.0pt
\marginparsep   11.0pt
\columnsep  10.0pt
\skip\footins  9.0pt plus 4.0pt minus 2.0pt
\hoffset 0.0pt
\voffset 0.0pt
\mag 1000

(1in=72.27pt, 1cm=28.45pt)
-----------------------
Package hyperref Info: Link coloring OFF on input line 75.

(/usr/share/texmf/tex/latex/hyperref/nameref.sty
Package: nameref 2007/05/29 v2.31 Cross-referencing by name of section

(/usr/share/texmf/tex/latex/oberdiek/refcount.sty
Package: refcount 2008/08/11 v3.1 Data extraction from references (HO)
)
\c@section@level=\count151
)
LaTeX Info: Redefining \ref on input line 75.
LaTeX Info: Redefining \pageref on input line 75.
 (./PhDTalk.out)
(./PhDTalk.out)
\@outlinefile=\write4
\openout4 = `PhDTalk.out'.

\AtBeginShipoutBox=\box52
LaTeX Font Info:    Overwriting symbol font `operators' in version `normal'
(Font)                  OT1/ztmcm/m/n --> OT1/cmss/m/n on input line 75.
LaTeX Font Info:    Overwriting symbol font `operators' in version `bold'
(Font)                  OT1/ztmcm/m/n --> OT1/cmss/bx/n on input line 75.
\symnumbers=\mathgroup8
\sympureletters=\mathgroup9
LaTeX Font Info:    Overwriting math alphabet `\mathrm' in version `normal'
(Font)                  OT1/cmss/m/n --> T1/ptm/m/n on input line 75.
LaTeX Font Info:    Redeclaring math alphabet \mathbf on input line 75.
LaTeX Font Info:    Overwriting math alphabet `\mathbf' in version `normal'
(Font)                  OT1/ptm/bx/n --> T1/cmss/bx/n on input line 75.
LaTeX Font Info:    Overwriting math alphabet `\mathbf' in version `bold'
(Font)                  OT1/ptm/bx/n --> T1/cmss/bx/n on input line 75.
LaTeX Font Info:    Redeclaring math alphabet \mathsf on input line 75.
LaTeX Font Info:    Overwriting math alphabet `\mathsf' in version `normal'
(Font)                  OT1/cmss/m/n --> T1/cmss/m/n on input line 75.
LaTeX Font Info:    Overwriting math alphabet `\mathsf' in version `bold'
(Font)                  OT1/cmss/bx/n --> T1/cmss/m/n on input line 75.
LaTeX Font Info:    Redeclaring math alphabet \mathit on input line 75.
LaTeX Font Info:    Overwriting math alphabet `\mathit' in version `normal'
(Font)                  OT1/ptm/m/it --> T1/cmss/m/it on input line 75.
LaTeX Font Info:    Overwriting math alphabet `\mathit' in version `bold'
(Font)                  OT1/ptm/m/it --> T1/cmss/m/it on input line 75.
LaTeX Font Info:    Redeclaring math alphabet \mathtt on input line 75.
LaTeX Font Info:    Overwriting math alphabet `\mathtt' in version `normal'
(Font)                  OT1/cmtt/m/n --> T1/cmtt/m/n on input line 75.
LaTeX Font Info:    Overwriting math alphabet `\mathtt' in version `bold'
(Font)                  OT1/cmtt/m/n --> T1/cmtt/m/n on input line 75.
LaTeX Font Info:    Overwriting symbol font `numbers' in version `bold'
(Font)                  T1/cmss/m/n --> T1/cmss/bx/n on input line 75.
LaTeX Font Info:    Overwriting symbol font `pureletters' in version `bold'
(Font)                  T1/cmss/m/it --> T1/cmss/bx/it on input line 75.
LaTeX Font Info:    Overwriting math alphabet `\mathrm' in version `bold'
(Font)                  OT1/cmss/bx/n --> T1/ptm/bx/n on input line 75.
LaTeX Font Info:    Overwriting math alphabet `\mathbf' in version `bold'
(Font)                  T1/cmss/bx/n --> T1/cmss/bx/n on input line 75.
LaTeX Font Info:    Overwriting math alphabet `\mathsf' in version `bold'
(Font)                  T1/cmss/m/n --> T1/cmss/bx/n on input line 75.
LaTeX Font Info:    Overwriting math alphabet `\mathit' in version `bold'
(Font)                  T1/cmss/m/it --> T1/cmss/bx/it on input line 75.
LaTeX Font Info:    Overwriting math alphabet `\mathtt' in version `bold'
(Font)                  T1/cmtt/m/n --> T1/cmtt/bx/n on input line 75.

(/usr/share/texmf/tex/latex/translator/translator-theorem-dictionary-English.di
ct
Dictionary: translator-theorem-dictionary, Language: English 
) (./PhDTalk.nav)

Package hyperref Warning: Option `pdfauthor' has already been used,
(hyperref)                setting the option has no effect on input line 78.


LaTeX Font Warning: Font shape `T1/cmss/m/n' in size <4> not available
(Font)              size <5> substituted on input line 84.

[1{/var/lib/texmf/fonts/map/pdftex/updmap/pdftex.map}

] (./PhDTalk.toc)
<Figures/logo_412.jpg, id=63, 198.5016pt x 66.4884pt>
File: Figures/logo_412.jpg Graphic file (type jpg)

<use Figures/logo_412.jpg>
Overfull \vbox (46.39726pt too high) has occurred while \output is active []


[2

 <./Figures/logo_412.jpg>]
<Figures/xenonDendriteBilgram.jpeg, id=74, 255.20343pt x 234.8775pt>
File: Figures/xenonDendriteBilgram.jpeg Graphic file (type jpg)

<use Figures/xenonDendriteBilgram.jpeg>
<Figures/dendriteArrayInBlade.jpg, id=75, 596.2275pt x 301.125pt>
File: Figures/dendriteArrayInBlade.jpg Graphic file (type jpg)

<use Figures/dendriteArrayInBlade.jpg>
Overfull \hbox (21.33868pt too wide) in paragraph at lines 128--128
 [] 
 []

LaTeX Font Info:    Try loading font information for OML+ztmcm on input line 12
8.
(/usr/share/texmf/tex/latex/psnfss/omlztmcm.fd
File: omlztmcm.fd 2000/01/03 Fontinst v1.801 font definitions for OML/ztmcm.
)
LaTeX Font Info:    Try loading font information for OMS+ztmcm on input line 12
8.

(/usr/share/texmf/tex/latex/psnfss/omsztmcm.fd
File: omsztmcm.fd 2000/01/03 Fontinst v1.801 font definitions for OMS/ztmcm.
)
LaTeX Font Info:    Try loading font information for OMX+ztmcm on input line 12
8.

(/usr/share/texmf/tex/latex/psnfss/omxztmcm.fd
File: omxztmcm.fd 2000/01/03 Fontinst v1.801 font definitions for OMX/ztmcm.
)
LaTeX Font Info:    Try loading font information for OT1+ptm on input line 128.


(/usr/share/texmf/tex/latex/psnfss/ot1ptm.fd
File: ot1ptm.fd 2001/06/04 font definitions for OT1/ptm.
)
LaTeX Font Info:    Font shape `OT1/ptm/bx/n' in size <7> not available
(Font)              Font shape `OT1/ptm/b/n' tried instead on input line 128.
LaTeX Font Info:    Font shape `OT1/ptm/bx/n' in size <5> not available
(Font)              Font shape `OT1/ptm/b/n' tried instead on input line 128.
File: Figures/logo_412.jpg Graphic file (type jpg)
 <use Figures/logo_412.jpg>
Overfull \vbox (46.39726pt too high) has occurred while \output is active []


[3

 <./Figures/xenonDendriteBilgram.jpeg> <./Figures/dendriteArrayInBlade.jpg>]
<Figures/xenonDendritePrimaryBranchBilgram.jpeg, id=87, 145.83054pt x 134.21571
pt>
File: Figures/xenonDendritePrimaryBranchBilgram.jpeg Graphic file (type jpg)
 <use Figures/xenonDendritePrimaryBranchBilgram.jpeg>
LaTeX Font Info:    Font shape `OT1/ptm/bx/n' in size <10> not available
(Font)              Font shape `OT1/ptm/b/n' tried instead on input line 151.
LaTeX Font Info:    Font shape `OT1/ptm/bx/n' in size <7.4> not available
(Font)              Font shape `OT1/ptm/b/n' tried instead on input line 151.
LaTeX Font Info:    Font shape `OT1/ptm/bx/n' in size <6> not available
(Font)              Font shape `OT1/ptm/b/n' tried instead on input line 151.
File: Figures/logo_412.jpg Graphic file (type jpg)

<use Figures/logo_412.jpg>
Overfull \vbox (46.39726pt too high) has occurred while \output is active []


[4

 <./Figures/xenonDendritePrimaryBranchBilgram.jpeg>]
<Figures/MS_bw_solidification.jpg, id=99, 324.4923pt x 226.9278pt>
File: Figures/MS_bw_solidification.jpg Graphic file (type jpg)

<use Figures/MS_bw_solidification.jpg>
<Figures/MSandGT_bw_solidification.jpg, id=100, 315.0972pt x 231.9867pt>
File: Figures/MSandGT_bw_solidification.jpg Graphic file (type jpg)

<use Figures/MSandGT_bw_solidification.jpg>
File: Figures/logo_412.jpg Graphic file (type jpg)
 <use Figures/logo_412.jpg>
Overfull \vbox (46.39726pt too high) has occurred while \output is active []


[5

 <./Figures/MS_bw_solidification.jpg> <./Figures/MSandGT_bw_solidification.jpg>
]
LaTeX Font Info:    Font shape `OT1/ptm/bx/n' in size <8> not available
(Font)              Font shape `OT1/ptm/b/n' tried instead on input line 219.
 <Figures/selectionPic.jpg, id=111, 399.57979pt x 399.57979pt>
File: Figures/selectionPic.jpg Graphic file (type jpg)

<use Figures/selectionPic.jpg>
LaTeX Font Info:    Font shape `OT1/ptm/bx/n' in size <9> not available
(Font)              Font shape `OT1/ptm/b/n' tried instead on input line 219.

Overfull \vbox (0.23274pt too high) detected at line 219
 []

File: Figures/logo_412.jpg Graphic file (type jpg)
<use Figures/logo_412.jpg>
Overfull \vbox (46.39726pt too high) has occurred while \output is active []


[6

 <./Figures/selectionPic.jpg>]
File: Figures/logo_412.jpg Graphic file (type jpg)
 <use Figures/logo_412.jpg>
Overfull \vbox (46.39726pt too high) has occurred while \output is active []


[7

]
File: Figures/logo_412.jpg Graphic file (type jpg)
 <use Figures/logo_412.jpg>
Overfull \vbox (46.39726pt too high) has occurred while \output is active []


[8

]
File: Figures/logo_412.jpg Graphic file (type jpg)
 <use Figures/logo_412.jpg>
Overfull \vbox (46.39726pt too high) has occurred while \output is active []


[9

]
File: Figures/logo_412.jpg Graphic file (type jpg)
 <use Figures/logo_412.jpg>
Overfull \vbox (46.39726pt too high) has occurred while \output is active []


[10

]
File: Figures/logo_412.jpg Graphic file (type jpg)
 <use Figures/logo_412.jpg>
Overfull \vbox (46.39726pt too high) has occurred while \output is active []


[11

]
File: Figures/logo_412.jpg Graphic file (type jpg)
 <use Figures/logo_412.jpg>
Overfull \vbox (46.39726pt too high) has occurred while \output is active []


[12

] <Figures/widmanStaettenLarge.jpeg, id=199, 262.73157pt x 225.84375pt>
File: Figures/widmanStaettenLarge.jpeg Graphic file (type jpg)

<use Figures/widmanStaettenLarge.jpeg>
File: Figures/logo_412.jpg Graphic file (type jpg)
 <use Figures/logo_412.jpg>
Overfull \vbox (46.39726pt too high) has occurred while \output is active []


[13

 <./Figures/widmanStaettenLarge.jpeg>]
File: Figures/logo_412.jpg Graphic file (type jpg)
 <use Figures/logo_412.jpg>
Overfull \vbox (46.39726pt too high) has occurred while \output is active []


[14

] <Figures/EigenstrainDilat.jpg, id=220, 660.36713pt x 398.38838pt>
File: Figures/EigenstrainDilat.jpg Graphic file (type jpg)

<use Figures/EigenstrainDilat.jpg>
<Figures/HexagonalToOrthorombic2.jpg, id=221, 510.97148pt x 327.19113pt>
File: Figures/HexagonalToOrthorombic2.jpg Graphic file (type jpg)

<use Figures/HexagonalToOrthorombic2.jpg>
File: Figures/logo_412.jpg Graphic file (type jpg)
 <use Figures/logo_412.jpg>
Overfull \vbox (46.39726pt too high) has occurred while \output is active []


[15

 <./Figures/EigenstrainDilat.jpg> <./Figures/HexagonalToOrthorombic2.jpg>]
File: Figures/logo_412.jpg Graphic file (type jpg)

<use Figures/logo_412.jpg>
Overfull \vbox (46.39726pt too high) has occurred while \output is active []


[16

] <Figures/sCBoth.jpg, id=244, 206.09534pt x 79.96442pt>
File: Figures/sCBoth.jpg Graphic file (type jpg)

<use Figures/sCBoth.jpg>
File: Figures/logo_412.jpg Graphic file (type jpg)
 <use Figures/logo_412.jpg>
Overfull \vbox (46.39726pt too high) has occurred while \output is active []


[17

 <./Figures/sCBoth.jpg>]
File: Figures/logo_412.jpg Graphic file (type jpg)
 <use Figures/logo_412.jpg>
Overfull \vbox (46.39726pt too high) has occurred while \output is active []


[18

]
File: Figures/logo_412.jpg Graphic file (type jpg)
 <use Figures/logo_412.jpg>
Overfull \vbox (46.39726pt too high) has occurred while \output is active []


[19

] <Figures/monotecticDendrite2.jpg, id=276, 345.29pt x 171.64125pt>
File: Figures/monotecticDendrite2.jpg Graphic file (type jpg)

<use Figures/monotecticDendrite2.jpg>
File: Figures/logo_412.jpg Graphic file (type jpg)
 <use Figures/logo_412.jpg>
Overfull \vbox (46.39726pt too high) has occurred while \output is active []


[20

 <./Figures/monotecticDendrite2.jpg>]
<Figures/monotecticPD.jpg, id=286, 756.81pt x 586.17pt>
File: Figures/monotecticPD.jpg Graphic file (type jpg)

<use Figures/monotecticPD.jpg>
LaTeX Font Info:    Font shape `OT1/ptm/bx/n' in size <12> not available
(Font)              Font shape `OT1/ptm/b/n' tried instead on input line 699.

Overfull \vbox (8.97804pt too high) detected at line 699
 []

File: Figures/logo_412.jpg Graphic file (type jpg)
<use Figures/logo_412.jpg>
Overfull \vbox (46.39726pt too high) has occurred while \output is active []


[21

 <./Figures/monotecticPD.jpg>]
<Figures/monotecticGeometrySimple.jpg, id=299, 461.62462pt x 523.9575pt>
File: Figures/monotecticGeometrySimple.jpg Graphic file (type jpg)

<use Figures/monotecticGeometrySimple.jpg>
Overfull \vbox (2.04718pt too high) detected at line 766
 []

File: Figures/logo_412.jpg Graphic file (type jpg)
<use Figures/logo_412.jpg>
Overfull \vbox (46.39726pt too high) has occurred while \output is active []


[22

 <./Figures/monotecticGeometrySimple.jpg>]
Overfull \hbox (8.19072pt too wide) in alignment at lines 806--806
 [][][] []
 []

<Figures/deltaLambdaMono.jpg, id=310, 319.4334pt x 457.4691pt>
File: Figures/deltaLambdaMono.jpg Graphic file (type jpg)

<use Figures/deltaLambdaMono.jpg>
File: Figures/logo_412.jpg Graphic file (type jpg)
 <use Figures/logo_412.jpg>
Overfull \vbox (46.39726pt too high) has occurred while \output is active []


[23

 <./Figures/deltaLambdaMono.jpg>]
<Figures/MonotecticCloseUpNew.jpg, id=321, 341.86781pt x 117.45895pt>
File: Figures/MonotecticCloseUpNew.jpg Graphic file (type jpg)

<use Figures/MonotecticCloseUpNew.jpg>
Overfull \hbox (71.13188pt too wide) in paragraph at lines 832--832
 [] 
 []

File: Figures/logo_412.jpg Graphic file (type jpg)
<use Figures/logo_412.jpg>
Overfull \vbox (46.39726pt too high) has occurred while \output is active []


[24

 <./Figures/MonotecticCloseUpNew.jpg>]
<Figures/fixedGapsRoughPD120deg_angleDelta.jpg, id=332, 361.35pt x 252.99pt>
File: Figures/fixedGapsRoughPD120deg_angleDelta.jpg Graphic file (type jpg)

<use Figures/fixedGapsRoughPD120deg_angleDelta.jpg>
<Figures/fixedGapsRoughPD120deg_velocity.jpg, id=333, 361.35pt x 252.99pt>
File: Figures/fixedGapsRoughPD120deg_velocity.jpg Graphic file (type jpg)

<use Figures/fixedGapsRoughPD120deg_velocity.jpg>
Overfull \hbox (5.69044pt too wide) detected at line 877
[][][] [][][][][][][][][] [][][][][][][] 
 []

File: Figures/logo_412.jpg Graphic file (type jpg)
<use Figures/logo_412.jpg>
Overfull \vbox (46.39726pt too high) has occurred while \output is active []


[25

 <./Figures/fixedGapsRoughPD120deg_angleDelta.jpg> <./Figures/fixedGapsRoughPD1
20deg_velocity.jpg>]
File: Figures/logo_412.jpg Graphic file (type jpg)
 <use Figures/logo_412.jpg>
Overfull \vbox (46.39726pt too high) has occurred while \output is active []


[26

]
File: Figures/logo_412.jpg Graphic file (type jpg)
 <use Figures/logo_412.jpg>
Overfull \vbox (46.39726pt too high) has occurred while \output is active []


[27

] <Figures/sketchbCGeometry.jpg, id=364, 415.53pt x 476.82pt>
File: Figures/sketchbCGeometry.jpg Graphic file (type jpg)

<use Figures/sketchbCGeometry.jpg>
<Figures/zeroAngle_finAngle_sigmaOfDelta.jpg, id=365, 751.80875pt x 498.86375pt
>
File: Figures/zeroAngle_finAngle_sigmaOfDelta.jpg Graphic file (type jpg)
 <use Figures/zeroAngle_finAngle_sigmaOfDelta.jpg>
Overfull \vbox (0.68742pt too high) detected at line 983
 []

File: Figures/logo_412.jpg Graphic file (type jpg)
<use Figures/logo_412.jpg>
Overfull \vbox (46.39726pt too high) has occurred while \output is active []


[28

 <./Figures/sketchbCGeometry.jpg> <./Figures/zeroAngle_finAngle_sigmaOfDelta.jp
g>]
<Figures/biCrystal_sOfEta_pos_neg_mod.jpg, id=376, 361.35pt x 252.945pt>
File: Figures/biCrystal_sOfEta_pos_neg_mod.jpg Graphic file (type jpg)

<use Figures/biCrystal_sOfEta_pos_neg_mod.jpg>
<Figures/bC_sOfdeltaEl_01_02_pureS_mod.jpg, id=377, 361.35pt x 252.99pt>
File: Figures/bC_sOfdeltaEl_01_02_pureS_mod.jpg Graphic file (type jpg)

<use Figures/bC_sOfdeltaEl_01_02_pureS_mod.jpg>
<Figures/biCrystal_neg_eta01_05_pureS_s_deltaEl_p.jpg, id=378, 361.35pt x 252.9
45pt>
File: Figures/biCrystal_neg_eta01_05_pureS_s_deltaEl_p.jpg Graphic file (type j
pg)
 <use Figures/biCrystal_neg_eta01_05_pureS_s_deltaEl_p.jpg>
Overfull \vbox (2.74124pt too high) detected at line 1023
 []

File: Figures/logo_412.jpg Graphic file (type jpg)
<use Figures/logo_412.jpg>
Overfull \vbox (46.39726pt too high) has occurred while \output is active []


[29

 <./Figures/biCrystal_sOfEta_pos_neg_mod.jpg> <./Figures/bC_sOfdeltaEl_01_02_pu
reS_mod.jpg> <./Figures/biCrystal_neg_eta01_05_pureS_s_deltaEl_p.jpg>]
<Figures/2D_PF_xi.jpg, id=389, 894.33pt x 508.86pt>
File: Figures/2D_PF_xi.jpg Graphic file (type jpg)
 <use Figures/2D_PF_xi.jpg>
<Figures/fixedDispl_def_lambda.jpg, id=390, 939.51pt x 454.69875pt>
File: Figures/fixedDispl_def_lambda.jpg Graphic file (type jpg)

<use Figures/fixedDispl_def_lambda.jpg>
Overfull \vbox (6.64801pt too high) detected at line 1055
 []

File: Figures/logo_412.jpg Graphic file (type jpg)
<use Figures/logo_412.jpg>
Overfull \vbox (46.39726pt too high) has occurred while \output is active []


[30

 <./Figures/2D_PF_xi.jpg> <./Figures/fixedDispl_def_lambda.jpg (PNG copy)>]
<Figures/Figure05b_cf_eta05_sC.jpg, id=401, 1003.8303pt x 642.4803pt>
File: Figures/Figure05b_cf_eta05_sC.jpg Graphic file (type jpg)

<use Figures/Figure05b_cf_eta05_sC.jpg>
<Figures/Figure10a_bC_posMixing_eta01.jpg, id=402, 1003.8303pt x 642.4803pt>
File: Figures/Figure10a_bC_posMixing_eta01.jpg Graphic file (type jpg)

<use Figures/Figure10a_bC_posMixing_eta01.jpg>
<Figures/Figure10b_bC_negMixing_eta05.jpg, id=403, 1003.8303pt x 642.4803pt>
File: Figures/Figure10b_bC_negMixing_eta05.jpg Graphic file (type jpg)

<use Figures/Figure10b_bC_negMixing_eta05.jpg>
Overfull \vbox (9.65385pt too high) detected at line 1092
 []

File: Figures/logo_412.jpg Graphic file (type jpg)
<use Figures/logo_412.jpg>
Overfull \vbox (46.39726pt too high) has occurred while \output is active []


[31

 <./Figures/Figure05b_cf_eta05_sC.jpg> <./Figures/Figure10a_bC_posMixing_eta01.
jpg> <./Figures/Figure10b_bC_negMixing_eta05.jpg>]
<Figures/sigmaOfAlpha45DegreesNoSolutionSlope_04SAFE.jpg, id=415, 505.98pt x 72
2.79pt>
File: Figures/sigmaOfAlpha45DegreesNoSolutionSlope_04SAFE.jpg Graphic file (typ
e jpg)
 <use Figures/sigmaOfAlpha45DegreesNoSolutionSlope_04SAFE.jpg>
<Figures/Thesis_asymptotic_closeUp05.jpg, id=416, 361.35pt x 252.99pt>
File: Figures/Thesis_asymptotic_closeUp05.jpg Graphic file (type jpg)

<use Figures/Thesis_asymptotic_closeUp05.jpg>
File: Figures/logo_412.jpg Graphic file (type jpg)
 <use Figures/logo_412.jpg>
Overfull \vbox (46.39726pt too high) has occurred while \output is active []


[32

 <./Figures/sigmaOfAlpha45DegreesNoSolutionSlope_04SAFE.jpg> <./Figures/Thesis_
asymptotic_closeUp05.jpg>]
<Figures/sketchInterface.jpg, id=427, 415.53pt x 468.72pt>
File: Figures/sketchInterface.jpg Graphic file (type jpg)

<use Figures/sketchInterface.jpg>
<Figures/eutectoidPD.jpg, id=428, 756.81pt x 622.35pt>
File: Figures/eutectoidPD.jpg Graphic file (type jpg)

<use Figures/eutectoidPD.jpg>
File: Figures/logo_412.jpg Graphic file (type jpg)
 <use Figures/logo_412.jpg>
Overfull \vbox (46.39726pt too high) has occurred while \output is active []


[33

 <./Figures/sketchInterface.jpg> <./Figures/eutectoidPD.jpg>]
<Figures/eutectoidResult.jpg, id=439, 361.35pt x 252.99pt>
File: Figures/eutectoidResult.jpg Graphic file (type jpg)

<use Figures/eutectoidResult.jpg>
<Figures/Claas_dendrite_G.jpg, id=440, 597.24pt x 846.18pt>
File: Figures/Claas_dendrite_G.jpg Graphic file (type jpg)

<use Figures/Claas_dendrite_G.jpg>
File: Figures/logo_412.jpg Graphic file (type jpg)
 <use Figures/logo_412.jpg>
Overfull \vbox (46.39726pt too high) has occurred while \output is active []


[34

 <./Figures/eutectoidResult.jpg> <./Figures/Claas_dendrite_G.jpg>]
\tf@nav=\write5
\openout5 = `PhDTalk.nav'.

\tf@toc=\write6
\openout6 = `PhDTalk.toc'.

\tf@snm=\write7
\openout7 = `PhDTalk.snm'.


(./PhDTalk.aux)

LaTeX Font Warning: Size substitutions with differences
(Font)              up to 1.0pt have occurred.

 ) 
Here is how much of TeX's memory you used:
 13277 strings out of 493886
 234214 string characters out of 1155250
 317763 words of memory out of 3500000
 16024 multiletter control sequences out of 10000+50000
 62862 words of font info for 144 fonts, out of 3000000 for 5000
 714 hyphenation exceptions out of 8191
 43i,15n,51p,380b,712s stack positions out of 5000i,500n,10000p,200000b,50000s
{/usr/share/texmf/fonts/enc/dvips/cm-super/cm-super-t1.enc}{/usr/share/texmf/
fonts/enc/dvips/base/8r.enc}</usr/share/texmf/fonts/type1/bluesky/cm/cmex10.pfb
></usr/share/texmf/fonts/type1/bluesky/cm/cmmi10.pfb></usr/share/texmf/fonts/ty
pe1/bluesky/cm/cmss10.pfb></usr/share/texmf/fonts/type1/bluesky/cm/cmss12.pfb><
/usr/share/texmf/fonts/type1/bluesky/cm/cmss8.pfb></usr/share/texmf/fonts/type1
/bluesky/cm/cmss9.pfb></usr/share/texmf/fonts/type1/bluesky/cm/cmsy10.pfb></usr
/share/texmf/fonts/type1/bluesky/ams/msam10.pfb></usr/share/texmf/fonts/type1/h
oekwater/rsfs/rsfs10.pfb></usr/share/texmf/fonts/type1/public/cm-super/sfsi0500
.pfb></usr/share/texmf/fonts/type1/public/cm-super/sfsi0600.pfb></usr/share/tex
mf/fonts/type1/public/cm-super/sfsi0700.pfb></usr/share/texmf/fonts/type1/publi
c/cm-super/sfsi0800.pfb></usr/share/texmf/fonts/type1/public/cm-super/sfsi0900.
pfb></usr/share/texmf/fonts/type1/public/cm-super/sfsi1000.pfb></usr/share/texm
f/fonts/type1/public/cm-super/sfsi1200.pfb></usr/share/texmf/fonts/type1/public
/cm-super/sfss0500.pfb></usr/share/texmf/fonts/type1/public/cm-super/sfss0600.p
fb></usr/share/texmf/fonts/type1/public/cm-super/sfss0700.pfb></usr/share/texmf
/fonts/type1/public/cm-super/sfss0800.pfb></usr/share/texmf/fonts/type1/public/
cm-super/sfss0900.pfb></usr/share/texmf/fonts/type1/public/cm-super/sfss1000.pf
b></usr/share/texmf/fonts/type1/public/cm-super/sfss1200.pfb></usr/share/texmf/
fonts/type1/public/cm-super/sfss1440.pfb></usr/share/texmf/fonts/type1/urw/symb
ol/usyr.pfb></usr/share/texmf/fonts/type1/urw/symbol/usyr.pfb></usr/share/texmf
/fonts/type1/urw/times/utmr8a.pfb>
Output written on PhDTalk.pdf (34 pages, 11899678 bytes).
PDF statistics:
 554 PDF objects out of 1000 (max. 8388607)
 74 named destinations out of 1000 (max. 131072)
 259 words of extra memory for PDF output out of 10000 (max. 10000000)

